<?xml version="1.0" encoding="UTF-8"?>
<testng-results skipped="0" failed="1" ignored="0" total="3" passed="2">
  <reporter-output>
  </reporter-output>
  <suite name="Default suite" duration-ms="129695" started-at="2022-08-24T19:12:47 IST" finished-at="2022-08-24T19:14:57 IST">
    <groups>
      <group name="cucumber">
        <method signature="AbstractTestNGCucumberTests.runScenario(io.cucumber.testng.PickleWrapper,io.cucumber.testng.FeatureWrapper)[pri:0, instance:runner.LoginRunner@70be0a2b]" name="runScenario" class="io.cucumber.testng.AbstractTestNGCucumberTests"/>
      </group> <!-- cucumber -->
    </groups>
    <test name="Default test" duration-ms="129695" started-at="2022-08-24T19:12:47 IST" finished-at="2022-08-24T19:14:57 IST">
      <class name="runner.LoginRunner">
        <test-method status="PASS" signature="setUpClass(org.testng.ITestContext)[pri:0, instance:runner.LoginRunner@70be0a2b]" name="setUpClass" is-config="true" duration-ms="4134" started-at="2022-08-24T19:12:47 IST" finished-at="2022-08-24T19:12:51 IST">
          <params>
            <param index="0">
              <value>
                <![CDATA[org.testng.TestRunner@abbe000]]>
              </value>
            </param>
          </params>
          <reporter-output>
          </reporter-output>
        </test-method> <!-- setUpClass -->
        <test-method status="PASS" signature="runScenario(io.cucumber.testng.PickleWrapper,io.cucumber.testng.FeatureWrapper)[pri:0, instance:runner.LoginRunner@70be0a2b]" name="runScenario" duration-ms="91820" started-at="2022-08-24T19:12:51 IST" description="Runs Cucumber Scenarios" data-provider="scenarios" finished-at="2022-08-24T19:14:23 IST">
          <params>
            <param index="0">
              <value>
                <![CDATA["valided login1 functionality"]]>
              </value>
            </param>
            <param index="1">
              <value>
                <![CDATA["Login1"]]>
              </value>
            </param>
          </params>
          <reporter-output>
          </reporter-output>
        </test-method> <!-- runScenario -->
        <test-method status="PASS" signature="runScenario(io.cucumber.testng.PickleWrapper,io.cucumber.testng.FeatureWrapper)[pri:0, instance:runner.LoginRunner@70be0a2b]" name="runScenario" duration-ms="21638" started-at="2022-08-24T19:14:23 IST" description="Runs Cucumber Scenarios" data-provider="scenarios" finished-at="2022-08-24T19:14:45 IST">
          <params>
            <param index="0">
              <value>
                <![CDATA["successful login with valid credential"]]>
              </value>
            </param>
            <param index="1">
              <value>
                <![CDATA["Login1"]]>
              </value>
            </param>
          </params>
          <reporter-output>
          </reporter-output>
        </test-method> <!-- runScenario -->
        <test-method status="FAIL" signature="runScenario(io.cucumber.testng.PickleWrapper,io.cucumber.testng.FeatureWrapper)[pri:0, instance:runner.LoginRunner@70be0a2b]" name="runScenario" duration-ms="11731" started-at="2022-08-24T19:14:45 IST" description="Runs Cucumber Scenarios" data-provider="scenarios" finished-at="2022-08-24T19:14:56 IST">
          <params>
            <param index="0">
              <value>
                <![CDATA["successful login with valid credential"]]>
              </value>
            </param>
            <param index="1">
              <value>
                <![CDATA["Login1"]]>
              </value>
            </param>
          </params>
          <exception class="java.lang.AssertionError">
            <message>
              <![CDATA[expected [Your store. Login] but found [Dashboard / nopCommerce administration]]]>
            </message>
            <full-stacktrace>
              <![CDATA[java.lang.AssertionError: expected [Your store. Login] but found [Dashboard / nopCommerce administration]
at org.testng.Assert.fail(Assert.java:99)
at org.testng.Assert.failNotEquals(Assert.java:1037)
at org.testng.Assert.assertEqualsImpl(Assert.java:140)
at org.testng.Assert.assertEquals(Assert.java:122)
at org.testng.Assert.assertEquals(Assert.java:629)
at org.testng.Assert.assertEquals(Assert.java:639)
at loginStepDef.LoginStefdef.the_page_title_should_be_a_dashboard(LoginStefdef.java:63)
at âœ½.The page title should be a dashboard "Dashboard / nopCommerce administration"(file:///C:/Users/amrut%20mahale/new2018/eclipse-workspace/maven4/src/test/resources/features/login1.feature:21)
]]>
            </full-stacktrace>
          </exception> <!-- java.lang.AssertionError -->
          <reporter-output>
          </reporter-output>
        </test-method> <!-- runScenario -->
        <test-method status="PASS" signature="tearDownClass()[pri:0, instance:runner.LoginRunner@70be0a2b]" name="tearDownClass" is-config="true" duration-ms="241" started-at="2022-08-24T19:14:56 IST" finished-at="2022-08-24T19:14:57 IST">
          <reporter-output>
          </reporter-output>
        </test-method> <!-- tearDownClass -->
      </class> <!-- runner.LoginRunner -->
    </test> <!-- Default test -->
  </suite> <!-- Default suite -->
</testng-results>
